2019-10-09 01:21:10,912 - async_v20.interface.parser - WARNING - _rest_response - 65 - requested url does not exist; status returned is 404; url: http://api-status.oanda.com:80/api/v1/services
2019-10-09 01:21:10,912 - async_v20.interface.parser - WARNING - parse_response - 141 - Querying the Health API using path :('/api/v1/services',) failed
2019-10-09 01:21:10,912 - async_v20.client - WARNING - initialize - 310 - Server did not return available services; response is None
2019-10-09 01:21:10,913 - async_v20.interface.parser - WARNING - _rest_response - 65 - requested url does not exist; status returned is 404; url: http://api-status.oanda.com:80/api/v1/services
2019-10-09 01:21:10,913 - async_v20.interface.parser - WARNING - parse_response - 141 - Querying the Health API using path :('/api/v1/services',) failed
2019-10-09 01:21:10,914 - async_v20.client - WARNING - initialize - 310 - Server did not return available services; response is None
2019-10-09 01:21:10,918 - async_v20.interface.parser - WARNING - _rest_response - 65 - requested url does not exist; status returned is 404; url: http://api-status.oanda.com:80/api/v1/services
2019-10-09 01:21:10,919 - async_v20.interface.parser - WARNING - parse_response - 141 - Querying the Health API using path :('/api/v1/services',) failed
2019-10-09 01:21:10,919 - async_v20.client - WARNING - initialize - 310 - Server did not return available services; response is None
2019-10-09 02:15:15,057 - apscheduler.scheduler - WARNING - _process_jobs - 978 - Execution of job "get_recent_candles (trigger: cron[hour='*', minute='*', second='*/5'], next run at: 2019-10-09 02:15:15 CEST)" skipped: maximum number of running instances reached (1)
2019-10-09 05:13:55,003 - apscheduler.scheduler - WARNING - _process_jobs - 978 - Execution of job "get_recent_candles (trigger: cron[hour='*', minute='*', second='*/5'], next run at: 2019-10-09 05:13:55 CEST)" skipped: maximum number of running instances reached (1)
2019-10-09 08:00:15,050 - apscheduler.scheduler - WARNING - _process_jobs - 978 - Execution of job "get_recent_candles (trigger: cron[hour='*', minute='*', second='*/5'], next run at: 2019-10-09 08:00:15 CEST)" skipped: maximum number of running instances reached (1)
2019-10-09 19:01:35,992 - apscheduler.scheduler - WARNING - _process_jobs - 978 - Execution of job "get_recent_candles (trigger: cron[hour='*', minute='*', second='*/5'], next run at: 2019-10-09 19:01:35 CEST)" skipped: maximum number of running instances reached (1)
2019-10-09 19:01:36,007 - apscheduler.executors.default - WARNING - run_coroutine_job - 24 - Run time of job "get_recent_prices (trigger: cron[hour='*', minute='*', second='*/5'], next run at: 2019-10-09 19:01:40 CEST)" was missed by 0:00:01.007193
2019-10-09 19:13:10,002 - apscheduler.scheduler - WARNING - _process_jobs - 978 - Execution of job "get_recent_candles (trigger: cron[hour='*', minute='*', second='*/5'], next run at: 2019-10-09 19:13:10 CEST)" skipped: maximum number of running instances reached (1)
2019-10-09 19:13:10,003 - apscheduler.scheduler - WARNING - _process_jobs - 978 - Execution of job "get_recent_prices (trigger: cron[hour='*', minute='*', second='*/5'], next run at: 2019-10-09 19:13:10 CEST)" skipped: maximum number of running instances reached (1)
2019-10-09 19:13:15,003 - apscheduler.scheduler - WARNING - _process_jobs - 978 - Execution of job "get_recent_candles (trigger: cron[hour='*', minute='*', second='*/5'], next run at: 2019-10-09 19:13:15 CEST)" skipped: maximum number of running instances reached (1)
2019-10-09 19:13:15,003 - apscheduler.scheduler - WARNING - _process_jobs - 978 - Execution of job "get_recent_prices (trigger: cron[hour='*', minute='*', second='*/5'], next run at: 2019-10-09 19:13:15 CEST)" skipped: maximum number of running instances reached (1)
2019-10-10 01:05:11,716 - apscheduler.scheduler - WARNING - _process_jobs - 978 - Execution of job "get_recent_candles (trigger: cron[hour='*', minute='*', second='*/5'], next run at: 2019-10-10 01:05:10 CEST)" skipped: maximum number of running instances reached (1)
2019-10-10 01:05:11,717 - apscheduler.executors.default - WARNING - run_coroutine_job - 24 - Run time of job "get_recent_prices (trigger: cron[hour='*', minute='*', second='*/5'], next run at: 2019-10-10 01:05:15 CEST)" was missed by 0:00:01.717317
2019-10-10 01:09:43,140 - apscheduler.scheduler - WARNING - _process_jobs - 978 - Execution of job "get_recent_candles (trigger: cron[hour='*', minute='*', second='*/5'], next run at: 2019-10-10 01:09:35 CEST)" skipped: maximum number of running instances reached (1)
2019-10-10 01:09:43,143 - apscheduler.executors.default - WARNING - run_coroutine_job - 24 - Run time of job "get_recent_prices (trigger: cron[hour='*', minute='*', second='*/5'], next run at: 2019-10-10 01:09:45 CEST)" was missed by 0:00:03.143804
2019-10-10 01:10:00,246 - apscheduler.scheduler - WARNING - _process_jobs - 978 - Execution of job "get_recent_candles (trigger: cron[hour='*', minute='*', second='*/5'], next run at: 2019-10-10 01:09:50 CEST)" skipped: maximum number of running instances reached (1)
2019-10-10 01:10:10,220 - apscheduler.scheduler - WARNING - _process_jobs - 978 - Execution of job "get_recent_candles (trigger: cron[hour='*', minute='*', second='*/5'], next run at: 2019-10-10 01:10:10 CEST)" skipped: maximum number of running instances reached (1)
2019-10-10 01:10:25,346 - apscheduler.scheduler - WARNING - _process_jobs - 978 - Execution of job "get_recent_candles (trigger: cron[hour='*', minute='*', second='*/5'], next run at: 2019-10-10 01:10:20 CEST)" skipped: maximum number of running instances reached (1)
2019-10-10 01:10:45,948 - apscheduler.scheduler - WARNING - _process_jobs - 978 - Execution of job "get_recent_candles (trigger: cron[hour='*', minute='*', second='*/5'], next run at: 2019-10-10 01:10:35 CEST)" skipped: maximum number of running instances reached (1)
2019-10-10 01:10:47,062 - apscheduler.executors.default - ERROR - run_coroutine_job - 35 - Job "get_recent_candles (trigger: cron[hour='*', minute='*', second='*/5'], next run at: 2019-10-10 01:10:50 CEST)" raised an exception
Traceback (most recent call last):
  File "/home/bn/anaconda3/envs/trading/lib/python3.7/site-packages/aiohttp/connector.py", line 936, in _wrap_create_connection
    return await self._loop.create_connection(*args, **kwargs)  # type: ignore  # noqa
  File "/home/bn/anaconda3/envs/trading/lib/python3.7/asyncio/base_events.py", line 981, in create_connection
    ssl_handshake_timeout=ssl_handshake_timeout)
  File "/home/bn/anaconda3/envs/trading/lib/python3.7/asyncio/base_events.py", line 1009, in _create_connection_transport
    await waiter
  File "/home/bn/anaconda3/envs/trading/lib/python3.7/asyncio/selector_events.py", line 860, in write
    n = self._sock.send(data)
ConnectionResetError: [Errno 104] Connection reset by peer

The above exception was the direct cause of the following exception:

Traceback (most recent call last):
  File "/home/bn/anaconda3/envs/trading/lib/python3.7/site-packages/apscheduler/executors/base_py3.py", line 29, in run_coroutine_job
    retval = await job.func(*job.args, **job.kwargs)
  File "/home/bn/PycharmProjects/oanda/tradingOANDA/tradingOANDA/market_data/market_data.py", line 1638, in get_recent_candles_and_write_to_internal_dataframe_and_upsert_to_database
    delay_at_start_of_all_fetching_operations=delay_at_start_of_all_fetching_operations,
  File "/home/bn/PycharmProjects/oanda/tradingOANDA/tradingOANDA/market_data/market_data.py", line 1618, in get_recent_candles_and_write_to_internal_dataframe_of_each_instrument
    delay_at_end_of_each_fetching_operation=NotSet)
  File "/home/bn/PycharmProjects/oanda/tradingOANDA/tradingOANDA/market_data/market_data.py", line 1071, in serial_async_get_candles_and_write_to_internal_dataframes_of_individual_instruments
    await asyncio.gather(*coros)
  File "/home/bn/PycharmProjects/oanda/tradingOANDA/tradingOANDA/market_data/market_data.py", line 825, in get_candles_and_write_to_internal_dataframe
    empty_internal_dataframe_and_upsert_in_each_loop=empty_internal_dataframe_and_upsert_in_each_loop)
  File "/home/bn/PycharmProjects/oanda/tradingOANDA/tradingOANDA/market_data/market_data.py", line 723, in get_candles
    include_first_query=include_first_query)
  File "/home/bn/anaconda3/envs/trading/lib/python3.7/site-packages/async_v20/interface/decorators.py", line 53, in wrap
    return await parse_response(self, response, endpoint, enable_rest, method.__name__)
  File "/home/bn/anaconda3/envs/trading/lib/python3.7/site-packages/async_v20/interface/parser.py", line 138, in parse_response
    result = await _rest_response(self, response, endpoint, enable_rest, method_name)
  File "/home/bn/anaconda3/envs/trading/lib/python3.7/site-packages/async_v20/interface/parser.py", line 60, in _rest_response
    async with response as resp:
  File "/home/bn/anaconda3/envs/trading/lib/python3.7/site-packages/aiohttp/client.py", line 1012, in __aenter__
    self._resp = await self._coro
  File "/home/bn/anaconda3/envs/trading/lib/python3.7/site-packages/aiohttp/client.py", line 483, in _request
    timeout=real_timeout
  File "/home/bn/anaconda3/envs/trading/lib/python3.7/site-packages/aiohttp/connector.py", line 523, in connect
    proto = await self._create_connection(req, traces, timeout)
  File "/home/bn/anaconda3/envs/trading/lib/python3.7/site-packages/aiohttp/connector.py", line 859, in _create_connection
    req, traces, timeout)
  File "/home/bn/anaconda3/envs/trading/lib/python3.7/site-packages/aiohttp/connector.py", line 1004, in _create_direct_connection
    raise last_exc
  File "/home/bn/anaconda3/envs/trading/lib/python3.7/site-packages/aiohttp/connector.py", line 986, in _create_direct_connection
    req=req, client_error=client_error)
  File "/home/bn/anaconda3/envs/trading/lib/python3.7/site-packages/aiohttp/connector.py", line 943, in _wrap_create_connection
    raise client_error(req.connection_key, exc) from exc
aiohttp.client_exceptions.ClientConnectorError: Cannot connect to host api-fxpractice.oanda.com:443 ssl:None [Connection reset by peer]
2019-10-10 01:10:54,689 - apscheduler.executors.default - WARNING - run_coroutine_job - 24 - Run time of job "get_recent_candles (trigger: cron[hour='*', minute='*', second='*/5'], next run at: 2019-10-10 01:10:55 CEST)" was missed by 0:00:04.689608
2019-10-10 01:10:54,689 - apscheduler.executors.default - WARNING - run_coroutine_job - 24 - Run time of job "get_recent_prices (trigger: cron[hour='*', minute='*', second='*/5'], next run at: 2019-10-10 01:10:55 CEST)" was missed by 0:00:04.689770
2019-10-10 01:11:02,707 - apscheduler.scheduler - WARNING - _process_jobs - 978 - Execution of job "get_recent_candles (trigger: cron[hour='*', minute='*', second='*/5'], next run at: 2019-10-10 01:11:00 CEST)" skipped: maximum number of running instances reached (1)
2019-10-10 01:11:02,710 - apscheduler.executors.default - WARNING - run_coroutine_job - 24 - Run time of job "get_recent_prices (trigger: cron[hour='*', minute='*', second='*/5'], next run at: 2019-10-10 01:11:05 CEST)" was missed by 0:00:02.710748
2019-10-10 01:11:15,386 - apscheduler.scheduler - WARNING - _process_jobs - 978 - Execution of job "get_recent_candles (trigger: cron[hour='*', minute='*', second='*/5'], next run at: 2019-10-10 01:11:15 CEST)" skipped: maximum number of running instances reached (1)
2019-10-10 01:11:25,843 - apscheduler.scheduler - WARNING - _process_jobs - 978 - Execution of job "get_recent_candles (trigger: cron[hour='*', minute='*', second='*/5'], next run at: 2019-10-10 01:11:25 CEST)" skipped: maximum number of running instances reached (1)
2019-10-10 01:11:36,817 - apscheduler.scheduler - WARNING - _process_jobs - 978 - Execution of job "get_recent_candles (trigger: cron[hour='*', minute='*', second='*/5'], next run at: 2019-10-10 01:11:35 CEST)" skipped: maximum number of running instances reached (1)
2019-10-10 01:11:36,819 - apscheduler.executors.default - WARNING - run_coroutine_job - 24 - Run time of job "get_recent_prices (trigger: cron[hour='*', minute='*', second='*/5'], next run at: 2019-10-10 01:11:40 CEST)" was missed by 0:00:01.819677
2019-10-10 01:22:42,795 - apscheduler.scheduler - WARNING - _process_jobs - 978 - Execution of job "get_recent_candles (trigger: cron[hour='*', minute='*', second='*/5'], next run at: 2019-10-10 01:22:40 CEST)" skipped: maximum number of running instances reached (1)
2019-10-10 01:22:42,796 - apscheduler.executors.default - WARNING - run_coroutine_job - 24 - Run time of job "get_recent_prices (trigger: cron[hour='*', minute='*', second='*/5'], next run at: 2019-10-10 01:22:45 CEST)" was missed by 0:00:02.796472
2019-10-10 02:15:15,467 - apscheduler.scheduler - WARNING - _process_jobs - 978 - Execution of job "get_recent_candles (trigger: cron[hour='*', minute='*', second='*/5'], next run at: 2019-10-10 02:15:15 CEST)" skipped: maximum number of running instances reached (1)
2019-10-10 02:15:30,156 - apscheduler.scheduler - WARNING - _process_jobs - 978 - Execution of job "get_recent_candles (trigger: cron[hour='*', minute='*', second='*/5'], next run at: 2019-10-10 02:15:30 CEST)" skipped: maximum number of running instances reached (1)
2019-10-10 12:46:00,001 - apscheduler.scheduler - WARNING - _process_jobs - 978 - Execution of job "get_recent_candles (trigger: cron[hour='*', minute='*', second='*/5'], next run at: 2019-10-10 12:46:00 CEST)" skipped: maximum number of running instances reached (1)
2019-10-10 15:37:20,798 - apscheduler.scheduler - WARNING - _process_jobs - 978 - Execution of job "get_recent_candles (trigger: cron[hour='*', minute='*', second='*/5'], next run at: 2019-10-10 15:37:20 CEST)" skipped: maximum number of running instances reached (1)
2019-10-10 15:37:30,930 - apscheduler.scheduler - WARNING - _process_jobs - 978 - Execution of job "get_recent_candles (trigger: cron[hour='*', minute='*', second='*/5'], next run at: 2019-10-10 15:37:30 CEST)" skipped: maximum number of running instances reached (1)
2019-10-11 02:15:20,535 - apscheduler.scheduler - WARNING - _process_jobs - 978 - Execution of job "get_recent_candles (trigger: cron[hour='*', minute='*', second='*/5'], next run at: 2019-10-11 02:15:20 CEST)" skipped: maximum number of running instances reached (1)
2019-10-11 15:37:45,014 - apscheduler.scheduler - WARNING - _process_jobs - 978 - Execution of job "get_recent_candles (trigger: cron[hour='*', minute='*', second='*/5'], next run at: 2019-10-11 15:37:45 CEST)" skipped: maximum number of running instances reached (1)
2019-10-11 23:29:40,427 - apscheduler.scheduler - WARNING - _process_jobs - 978 - Execution of job "get_recent_candles (trigger: cron[hour='*', minute='*', second='*/5'], next run at: 2019-10-11 23:29:40 CEST)" skipped: maximum number of running instances reached (1)
2019-10-12 01:54:10,331 - asyncio - ERROR - default_exception_handler - 1604 - Unclosed client session
client_session: <aiohttp.client.ClientSession object at 0x7f4ef5a2a590>
